[31mCMake Error at /usr/share/cmake-3.22/Modules/CMakeTestCCompiler.cmake:69 (message):
  The C compiler

    "/usr/bin/cc"

  is not able to compile a simple test program.

  It fails with the following output:

    Change Dir: /github/arm/setup/rovertest/build/rover_model/CMakeFiles/CMakeTmp
    
    Run Build Command(s):/usr/bin/gmake -f Makefile cmTC_a98fc/fast && /usr/bin/gmake  -f CMakeFiles/cmTC_a98fc.dir/build.make CMakeFiles/cmTC_a98fc.dir/build
    gmake[1]: Entering directory '/github/arm/setup/rovertest/build/rover_model/CMakeFiles/CMakeTmp'
    Building C object CMakeFiles/cmTC_a98fc.dir/testCCompiler.c.o
    /usr/bin/cc    -o CMakeFiles/cmTC_a98fc.dir/testCCompiler.c.o -c /github/arm/setup/rovertest/build/rover_model/CMakeFiles/CMakeTmp/testCCompiler.c
    Cannot create temporary file in /var/tmp/: Read-only file system
    gmake[1]: *** [CMakeFiles/cmTC_a98fc.dir/build.make:78: CMakeFiles/cmTC_a98fc.dir/testCCompiler.c.o] Aborted
    gmake[1]: Leaving directory '/github/arm/setup/rovertest/build/rover_model/CMakeFiles/CMakeTmp'
    gmake: *** [Makefile:127: cmTC_a98fc/fast] Error 2
    
    

  

  CMake will not be able to correctly generate this project.
Call Stack (most recent call first):
  CMakeLists.txt:2 (project)

[0m
