[0.000000] (-) TimerEvent: {}
[0.001231] (rover_model) JobQueued: {'identifier': 'rover_model', 'dependencies': OrderedDict()}
[0.001917] (rover_model) JobStarted: {'identifier': 'rover_model'}
[0.055692] (rover_model) JobProgress: {'identifier': 'rover_model', 'progress': 'cmake'}
[0.062760] (rover_model) Command: {'cmd': ['/usr/bin/cmake', '/github/arm/setup/rovertest/src/rover_model', '-DCMAKE_INSTALL_PREFIX=/github/arm/setup/rovertest/install/rover_model'], 'cwd': '/github/arm/setup/rovertest/build/rover_model', 'env': OrderedDict([('LESSOPEN', '| /usr/bin/lesspipe %s'), ('USER', 'ubuntu'), ('HOSTNAME', '21ba21a15cfb'), ('SHLVL', '1'), ('HOME', '/root'), ('OLDPWD', '/github/arm/setup'), ('LC_CTYPE', 'C.UTF-8'), ('ROS_DISTRO', 'humble'), ('_', '/usr/bin/colcon'), ('TERM', 'xterm'), ('PATH', '/usr/local/sbin:/usr/local/bin:/usr/sbin:/usr/bin:/sbin:/bin'), ('LS_COLORS', 'rs=0:di=01;34:ln=01;36:mh=00:pi=40;33:so=01;35:do=01;35:bd=40;33;01:cd=40;33;01:or=40;31;01:mi=00:su=37;41:sg=30;43:ca=30;41:tw=30;42:ow=34;42:st=37;44:ex=01;32:*.tar=01;31:*.tgz=01;31:*.arc=01;31:*.arj=01;31:*.taz=01;31:*.lha=01;31:*.lz4=01;31:*.lzh=01;31:*.lzma=01;31:*.tlz=01;31:*.txz=01;31:*.tzo=01;31:*.t7z=01;31:*.zip=01;31:*.z=01;31:*.dz=01;31:*.gz=01;31:*.lrz=01;31:*.lz=01;31:*.lzo=01;31:*.xz=01;31:*.zst=01;31:*.tzst=01;31:*.bz2=01;31:*.bz=01;31:*.tbz=01;31:*.tbz2=01;31:*.tz=01;31:*.deb=01;31:*.rpm=01;31:*.jar=01;31:*.war=01;31:*.ear=01;31:*.sar=01;31:*.rar=01;31:*.alz=01;31:*.ace=01;31:*.zoo=01;31:*.cpio=01;31:*.7z=01;31:*.rz=01;31:*.cab=01;31:*.wim=01;31:*.swm=01;31:*.dwm=01;31:*.esd=01;31:*.jpg=01;35:*.jpeg=01;35:*.mjpg=01;35:*.mjpeg=01;35:*.gif=01;35:*.bmp=01;35:*.pbm=01;35:*.pgm=01;35:*.ppm=01;35:*.tga=01;35:*.xbm=01;35:*.xpm=01;35:*.tif=01;35:*.tiff=01;35:*.png=01;35:*.svg=01;35:*.svgz=01;35:*.mng=01;35:*.pcx=01;35:*.mov=01;35:*.mpg=01;35:*.mpeg=01;35:*.m2v=01;35:*.mkv=01;35:*.webm=01;35:*.webp=01;35:*.ogm=01;35:*.mp4=01;35:*.m4v=01;35:*.mp4v=01;35:*.vob=01;35:*.qt=01;35:*.nuv=01;35:*.wmv=01;35:*.asf=01;35:*.rm=01;35:*.rmvb=01;35:*.flc=01;35:*.avi=01;35:*.fli=01;35:*.flv=01;35:*.gl=01;35:*.dl=01;35:*.xcf=01;35:*.xwd=01;35:*.yuv=01;35:*.cgm=01;35:*.emf=01;35:*.ogv=01;35:*.ogx=01;35:*.aac=00;36:*.au=00;36:*.flac=00;36:*.m4a=00;36:*.mid=00;36:*.midi=00;36:*.mka=00;36:*.mp3=00;36:*.mpc=00;36:*.ogg=00;36:*.ra=00;36:*.wav=00;36:*.oga=00;36:*.opus=00;36:*.spx=00;36:*.xspf=00;36:'), ('LESSCLOSE', '/usr/bin/lesspipe %s %s'), ('PASSWD', 'ubuntu'), ('PWD', '/github/arm/setup/rovertest/build/rover_model'), ('COLCON', '1')]), 'shell': False}
[0.097096] (-) TimerEvent: {}
[0.198777] (-) TimerEvent: {}
[0.301480] (-) TimerEvent: {}
[0.402733] (-) TimerEvent: {}
[0.504902] (-) TimerEvent: {}
[0.606494] (-) TimerEvent: {}
[0.708076] (-) TimerEvent: {}
[0.810721] (-) TimerEvent: {}
[0.871259] (rover_model) StdoutLine: {'line': b'-- The C compiler identification is unknown\n'}
[0.910903] (-) TimerEvent: {}
[1.012425] (-) TimerEvent: {}
[1.113620] (-) TimerEvent: {}
[1.215029] (-) TimerEvent: {}
[1.316409] (-) TimerEvent: {}
[1.417666] (-) TimerEvent: {}
[1.518776] (-) TimerEvent: {}
[1.604675] (rover_model) StdoutLine: {'line': b'-- The CXX compiler identification is unknown\n'}
[1.619065] (-) TimerEvent: {}
[1.644132] (rover_model) StdoutLine: {'line': b'-- Detecting C compiler ABI info\n'}
[1.719271] (-) TimerEvent: {}
[1.820762] (-) TimerEvent: {}
[1.921896] (-) TimerEvent: {}
[2.003699] (rover_model) StdoutLine: {'line': b'-- Detecting C compiler ABI info - failed\n'}
[2.008151] (rover_model) StdoutLine: {'line': b'-- Check for working C compiler: /usr/bin/cc\n'}
[2.022194] (-) TimerEvent: {}
[2.123558] (-) TimerEvent: {}
[2.224734] (-) TimerEvent: {}
[2.326103] (-) TimerEvent: {}
[2.327178] (rover_model) StdoutLine: {'line': b'-- Check for working C compiler: /usr/bin/cc - broken\n'}
[2.332354] (rover_model) StderrLine: {'line': b'\x1b[31mCMake Error at /usr/share/cmake-3.22/Modules/CMakeTestCCompiler.cmake:69 (message):\n'}
[2.338147] (rover_model) StderrLine: {'line': b'  The C compiler\n'}
[2.341779] (rover_model) StderrLine: {'line': b'\n'}
[2.346335] (rover_model) StderrLine: {'line': b'    "/usr/bin/cc"\n'}
[2.351145] (rover_model) StderrLine: {'line': b'\n'}
[2.355427] (rover_model) StderrLine: {'line': b'  is not able to compile a simple test program.\n'}
[2.365895] (rover_model) StderrLine: {'line': b'\n'}
[2.369458] (rover_model) StderrLine: {'line': b'  It fails with the following output:\n'}
[2.373197] (rover_model) StderrLine: {'line': b'\n'}
[2.376515] (rover_model) StderrLine: {'line': b'    Change Dir: /github/arm/setup/rovertest/build/rover_model/CMakeFiles/CMakeTmp\n'}
[2.382329] (rover_model) StderrLine: {'line': b'    \n'}
[2.387893] (rover_model) StderrLine: {'line': b'    Run Build Command(s):/usr/bin/gmake -f Makefile cmTC_cc909/fast && /usr/bin/gmake  -f CMakeFiles/cmTC_cc909.dir/build.make CMakeFiles/cmTC_cc909.dir/build\n'}
[2.394486] (rover_model) StderrLine: {'line': b"    gmake[1]: Entering directory '/github/arm/setup/rovertest/build/rover_model/CMakeFiles/CMakeTmp'\n"}
[2.409887] (rover_model) StderrLine: {'line': b'    Building C object CMakeFiles/cmTC_cc909.dir/testCCompiler.c.o\n'}
[2.414050] (rover_model) StderrLine: {'line': b'    /usr/bin/cc    -o CMakeFiles/cmTC_cc909.dir/testCCompiler.c.o -c /github/arm/setup/rovertest/build/rover_model/CMakeFiles/CMakeTmp/testCCompiler.c\n'}
[2.416746] (rover_model) StderrLine: {'line': b'    Cannot create temporary file in /var/tmp/: Read-only file system\n'}
[2.419260] (rover_model) StderrLine: {'line': b'    gmake[1]: *** [CMakeFiles/cmTC_cc909.dir/build.make:78: CMakeFiles/cmTC_cc909.dir/testCCompiler.c.o] Aborted\n'}
[2.421797] (rover_model) StderrLine: {'line': b"    gmake[1]: Leaving directory '/github/arm/setup/rovertest/build/rover_model/CMakeFiles/CMakeTmp'\n"}
[2.446277] (-) TimerEvent: {}
[2.447362] (rover_model) StderrLine: {'line': b'    gmake: *** [Makefile:127: cmTC_cc909/fast] Error 2\n'}
[2.451292] (rover_model) StderrLine: {'line': b'    \n'}
[2.455004] (rover_model) StderrLine: {'line': b'    \n'}
[2.459755] (rover_model) StderrLine: {'line': b'\n'}
[2.463649] (rover_model) StderrLine: {'line': b'  \n'}
[2.467146] (rover_model) StderrLine: {'line': b'\n'}
[2.470798] (rover_model) StderrLine: {'line': b'  CMake will not be able to correctly generate this project.\n'}
[2.473835] (rover_model) StderrLine: {'line': b'Call Stack (most recent call first):\n'}
[2.477052] (rover_model) StderrLine: {'line': b'  CMakeLists.txt:2 (project)\n'}
[2.480623] (rover_model) StderrLine: {'line': b'\n'}
[2.485413] (rover_model) StderrLine: {'line': b'\x1b[0m\n'}
[2.489749] (rover_model) StdoutLine: {'line': b'-- Configuring incomplete, errors occurred!\n'}
[2.494685] (rover_model) StdoutLine: {'line': b'See also "/github/arm/setup/rovertest/build/rover_model/CMakeFiles/CMakeOutput.log".\n'}
[2.502636] (rover_model) StdoutLine: {'line': b'See also "/github/arm/setup/rovertest/build/rover_model/CMakeFiles/CMakeError.log".\n'}
[2.510120] (rover_model) CommandEnded: {'returncode': 1}
[2.546713] (-) TimerEvent: {}
[2.599318] (rover_model) JobEnded: {'identifier': 'rover_model', 'rc': 1}
[2.613612] (-) EventReactorShutdown: {}
