[0.070s] Invoking command in '/github/arm/setup/rovertest/build/rover_model': /usr/bin/cmake /github/arm/setup/rovertest/src/rover_model -DCMAKE_INSTALL_PREFIX=/github/arm/setup/rovertest/install/rover_model
[0.783s] -- The C compiler identification is unknown
[1.366s] -- The CXX compiler identification is unknown
[1.394s] -- Detecting C compiler ABI info
[1.679s] -- Detecting C compiler ABI info - failed
[1.682s] -- Check for working C compiler: /usr/bin/cc
[1.940s] -- Check for working C compiler: /usr/bin/cc - broken
[1.944s] [31mCMake Error at /usr/share/cmake-3.22/Modules/CMakeTestCCompiler.cmake:69 (message):
[1.947s]   The C compiler
[1.950s] 
[1.954s]     "/usr/bin/cc"
[1.957s] 
[1.961s]   is not able to compile a simple test program.
[1.974s] 
[1.977s]   It fails with the following output:
[1.980s] 
[1.983s]     Change Dir: /github/arm/setup/rovertest/build/rover_model/CMakeFiles/CMakeTmp
[1.986s]     
[1.989s]     Run Build Command(s):/usr/bin/gmake -f Makefile cmTC_88da7/fast && /usr/bin/gmake  -f CMakeFiles/cmTC_88da7.dir/build.make CMakeFiles/cmTC_88da7.dir/build
[1.994s]     gmake[1]: Entering directory '/github/arm/setup/rovertest/build/rover_model/CMakeFiles/CMakeTmp'
[1.998s]     Building C object CMakeFiles/cmTC_88da7.dir/testCCompiler.c.o
[2.001s]     /usr/bin/cc    -o CMakeFiles/cmTC_88da7.dir/testCCompiler.c.o -c /github/arm/setup/rovertest/build/rover_model/CMakeFiles/CMakeTmp/testCCompiler.c
[2.003s]     Cannot create temporary file in /var/tmp/: Read-only file system
[2.006s]     gmake[1]: *** [CMakeFiles/cmTC_88da7.dir/build.make:78: CMakeFiles/cmTC_88da7.dir/testCCompiler.c.o] Aborted
[2.009s]     gmake[1]: Leaving directory '/github/arm/setup/rovertest/build/rover_model/CMakeFiles/CMakeTmp'
[2.012s]     gmake: *** [Makefile:127: cmTC_88da7/fast] Error 2
[2.015s]     
[2.018s]     
[2.022s] 
[2.027s]   
[2.033s] 
[2.036s]   CMake will not be able to correctly generate this project.
[2.040s] Call Stack (most recent call first):
[2.043s]   CMakeLists.txt:2 (project)
[2.046s] 
[2.049s] [0m
[2.053s] -- Configuring incomplete, errors occurred!
[2.056s] See also "/github/arm/setup/rovertest/build/rover_model/CMakeFiles/CMakeOutput.log".
[2.059s] See also "/github/arm/setup/rovertest/build/rover_model/CMakeFiles/CMakeError.log".
[2.062s] Invoked command in '/github/arm/setup/rovertest/build/rover_model' returned '1': /usr/bin/cmake /github/arm/setup/rovertest/src/rover_model -DCMAKE_INSTALL_PREFIX=/github/arm/setup/rovertest/install/rover_model
